{"timestamp":"10/02/2023 16:18:26","level":"warn","message":"Ruta GET /checkOut no implementada","data":null}
{"timestamp":"10/02/2023 16:20:07","level":"warn","message":"Ruta GET /checkOut no implementada","data":null}
{"timestamp":"10/02/2023 16:20:09","level":"warn","message":"Ruta GET /checkOut no implementada","data":null}
{"timestamp":"10/02/2023 16:20:15","level":"warn","message":"Ruta GET /checkOut no implementada","data":null}
{"timestamp":"10/02/2023 16:20:39","level":"warn","message":"Ruta GET /checkOut no implementada","data":null}
{"timestamp":"10/02/2023 16:20:52","level":"warn","message":"Ruta GET /checkOut no implementada","data":null}
{"timestamp":"10/02/2023 16:21:08","level":"warn","message":"Ruta GET /checkOut no implementada","data":null}
{"timestamp":"10/02/2023 16:22:55","level":"warn","message":"Ruta GET /checkOut no implementada","data":null}
{"timestamp":"10/02/2023 16:23:57","level":"warn","message":"Ruta GET /checkOut no implementada","data":null}
{"timestamp":"10/02/2023 16:24:25","level":"warn","message":"Ruta GET /checkOut no implementada","data":null}
{"timestamp":"10/02/2023 16:24:30","level":"warn","message":"Ruta GET /checkOut no implementada","data":null}
{"timestamp":"10/02/2023 16:24:36","level":"warn","message":"Ruta GET /lista no implementada","data":null}
{"timestamp":"10/02/2023 16:25:59","level":"warn","message":"Ruta GET /favicon.ico no implementada","data":null}
{"timestamp":"11/02/2023 02:17:57","level":"warn","message":"Ruta GET /uploads/63e724f9b91ead0517ed5402.png no implementada","data":null}
{"timestamp":"11/02/2023 02:18:09","level":"warn","message":"Ruta GET /uploads/63e724f9b91ead0517ed5402.png no implementada","data":null}
{"timestamp":"11/02/2023 02:20:12","level":"warn","message":"Ruta GET /favicon.ico no implementada","data":null}
{"timestamp":"11/02/2023 02:26:32","level":"warn","message":"Ruta GET /api/images/favicon.png no implementada","data":null}
{"timestamp":"11/02/2023 02:28:45","level":"warn","message":"Ruta GET /api/images/favicon.png no implementada","data":null}
{"timestamp":"11/02/2023 02:29:37","level":"warn","message":"Ruta GET /api/images/favicon.png no implementada","data":null}
{"timestamp":"11/02/2023 02:29:43","level":"warn","message":"Ruta GET /api/images/favicon.png no implementada","data":null}
{"timestamp":"13/02/2023 19:16:46","level":"warn","message":"Ruta GET /favicon.ico no implementada","data":null}
{"timestamp":"14/02/2023 18:51:27","level":"warn","message":"Ruta GET /favicon.ico no implementada","data":null}
{"timestamp":"14/02/2023 18:51:47","level":"warn","message":"Ruta GET /favicon.ico no implementada","data":null}
{"timestamp":"14/02/2023 19:02:54","level":"warn","message":"Ruta GET /favicon.ico no implementada","data":null}
{"timestamp":"14/02/2023 19:06:51","level":"warn","message":"Ruta GET /favicon.ico no implementada","data":null}
{"timestamp":"14/02/2023 19:15:17","level":"warn","message":"Ruta GET /favicon.ico no implementada","data":null}
{"timestamp":"14/02/2023 19:24:26","level":"warn","message":"Ruta GET /favicon.ico no implementada","data":null}
{"timestamp":"14/02/2023 19:30:19","level":"warn","message":"Ruta GET /favicon.ico no implementada","data":null}
{"timestamp":"14/02/2023 19:31:15","level":"warn","message":"Ruta GET /lista/~/images/Mil-Pasos_Negro.png no implementada","data":null}
{"timestamp":"14/02/2023 19:31:15","level":"warn","message":"Ruta GET /lista/images/favicon.png no implementada","data":null}
{"timestamp":"14/02/2023 19:33:26","level":"warn","message":"Ruta GET /lista/images/favicon.png no implementada","data":null}
{"timestamp":"14/02/2023 19:34:52","level":"warn","message":"Ruta GET /lista/images/favicon.png no implementada","data":null}
{"timestamp":"14/02/2023 19:35:04","level":"warn","message":"Ruta GET /lista/images/favicon.png no implementada","data":null}
{"timestamp":"14/02/2023 19:38:32","level":"warn","message":"Ruta GET /lista/images/favicon.png no implementada","data":null}
{"timestamp":"14/02/2023 19:42:02","level":"warn","message":"Ruta GET /lista/images/favicon.png no implementada","data":null}
{"timestamp":"14/02/2023 19:44:14","level":"warn","message":"Ruta GET /lista/images/favicon.png no implementada","data":null}
{"timestamp":"14/02/2023 19:46:31","level":"warn","message":"Ruta GET /lista/images/favicon.png no implementada","data":null}
{"timestamp":"14/02/2023 19:51:11","level":"warn","message":"Ruta GET /lista/images/favicon.png no implementada","data":null}
{"timestamp":"14/02/2023 20:04:01","level":"warn","message":"Ruta GET /lista/images/favicon.png no implementada","data":null}
{"timestamp":"15/02/2023 12:00:29","level":"warn","message":"Ruta GET /lista/images/favicon.png no implementada","data":null}
{"timestamp":"15/02/2023 13:34:01","level":"warn","message":"Ruta GET /js/checkOut.js no implementada","data":null}
{"timestamp":"15/02/2023 13:37:30","level":"warn","message":"Ruta GET /js/checkOut.js no implementada","data":null}
{"timestamp":"15/02/2023 14:17:21","level":"warn","message":"Ruta POST /checkOut no implementada","data":null}
{"timestamp":"15/02/2023 14:26:23","level":"warn","message":"Ruta POST /checkOut no implementada","data":null}
{"timestamp":"15/02/2023 14:26:40","level":"warn","message":"Ruta POST /checkOut no implementada","data":null}
{"timestamp":"15/02/2023 14:30:04","level":"warn","message":"Ruta POST /lista no implementada","data":null}
{"timestamp":"15/02/2023 14:32:35","level":"warn","message":"Ruta GET /api/images/favicon.png no implementada","data":null}
{"timestamp":"15/02/2023 14:32:44","level":"warn","message":"Ruta GET /api/images/favicon.png no implementada","data":null}
{"timestamp":"15/02/2023 15:07:27","level":"warn","message":"Ruta GET / no implementada","data":null}
{"timestamp":"15/02/2023 15:24:00","level":"warn","message":"Ruta GET / no implementada","data":null}
{"timestamp":"15/02/2023 15:24:10","level":"warn","message":"Ruta GET / no implementada","data":null}
{"timestamp":"15/02/2023 17:51:20","level":"warn","message":"Ruta GET / no implementada","data":null}
{"timestamp":"22/02/2023 19:17:50","level":"warn","message":"Ruta GET /api/images/favicon.png no implementada","data":null}
{"timestamp":"28/03/2023 22:03:13","level":"warn","message":"Ruta GET /api/productos' no implementada","data":null}
{"timestamp":"28/03/2023 22:03:13","level":"warn","message":"Ruta GET /api/css/404.css no implementada","data":null}
{"timestamp":"28/03/2023 22:03:13","level":"warn","message":"Ruta GET /api/images/favicon.png no implementada","data":null}
{"timestamp":"28/03/2023 22:03:16","level":"warn","message":"Ruta GET /api/images/favicon.png no implementada","data":null}
{"timestamp":"28/03/2023 22:03:54","level":"warn","message":"Ruta GET /api/images/favicon.png no implementada","data":null}
{"timestamp":"28/03/2023 22:17:59","level":"warn","message":"Ruta GET / no implementada","data":null}
{"timestamp":"28/03/2023 22:18:01","level":"warn","message":"Ruta GET / no implementada","data":null}
{"timestamp":"28/03/2023 22:18:13","level":"warn","message":"Ruta GET /favicon.ico no implementada","data":null}
{"timestamp":"28/03/2023 22:20:07","level":"warn","message":"Ruta GET /api/images/favicon.png no implementada","data":null}
{"timestamp":"28/03/2023 22:21:22","level":"warn","message":"Ruta GET /api/images/favicon.png no implementada","data":null}
{"timestamp":"28/03/2023 22:22:02","level":"warn","message":"Ruta GET /api/images/favicon.png no implementada","data":null}
{"timestamp":"28/03/2023 22:22:20","level":"warn","message":"Ruta GET /api/images/favicon.png no implementada","data":null}
{"timestamp":"28/03/2023 22:23:34","level":"warn","message":"Ruta GET /api/style=%22width: no implementada","data":null}
{"timestamp":"28/03/2023 22:23:34","level":"warn","message":"Ruta GET /api/images/favicon.png no implementada","data":null}
{"timestamp":"28/03/2023 22:25:06","level":"warn","message":"Ruta GET /api/images/favicon.png no implementada","data":null}
{"timestamp":"28/03/2023 22:26:33","level":"warn","message":"Ruta GET /api/images/favicon.png no implementada","data":null}
{"timestamp":"28/03/2023 22:27:20","level":"warn","message":"Ruta GET /api/images/favicon.png no implementada","data":null}
{"timestamp":"28/03/2023 22:27:24","level":"warn","message":"Ruta GET /logout? no implementada","data":null}
{"timestamp":"28/03/2023 22:27:27","level":"warn","message":"Ruta GET /api/images/favicon.png no implementada","data":null}
{"timestamp":"28/03/2023 22:44:07","level":"warn","message":"Ruta GET /api/images/favicon.png no implementada","data":null}
{"timestamp":"28/03/2023 22:44:13","level":"warn","message":"Ruta GET /api/images/favicon.png no implementada","data":null}
{"timestamp":"28/03/2023 22:45:20","level":"warn","message":"Ruta POST / no implementada","data":null}
{"timestamp":"28/03/2023 22:45:58","level":"warn","message":"Ruta GET /api/images/favicon.png no implementada","data":null}
{"timestamp":"28/03/2023 22:46:12","level":"warn","message":"Ruta POST / no implementada","data":null}
{"timestamp":"28/03/2023 22:47:44","level":"warn","message":"Ruta GET /api/images/favicon.png no implementada","data":null}
{"timestamp":"28/03/2023 22:47:48","level":"warn","message":"Ruta GET /api/images/favicon.png no implementada","data":null}
{"timestamp":"28/03/2023 22:47:59","level":"warn","message":"Ruta GET /favicon.ico no implementada","data":null}
{"timestamp":"28/03/2023 22:48:14","level":"warn","message":"Ruta GET /favicon.ico no implementada","data":null}
{"timestamp":"28/03/2023 22:48:19","level":"warn","message":"Ruta GET /api/images/favicon.png no implementada","data":null}
{"timestamp":"28/03/2023 22:49:08","level":"warn","message":"Ruta GET /api/images/favicon.png no implementada","data":null}
{"timestamp":"28/03/2023 22:49:19","level":"warn","message":"Ruta GET /api/images/favicon.png no implementada","data":null}
{"timestamp":"29/03/2023 08:02:34","level":"warn","message":"Ruta GET /api/images/favicon.png no implementada","data":null}
{"timestamp":"29/03/2023 08:02:51","level":"warn","message":"Ruta GET /api/images/favicon.png no implementada","data":null}
{"timestamp":"29/03/2023 08:06:13","level":"warn","message":"Ruta GET /favicon.ico no implementada","data":null}
{"timestamp":"29/03/2023 08:12:17","level":"warn","message":"Ruta POST /lista no implementada","data":null}
{"timestamp":"29/03/2023 08:12:17","level":"warn","message":"Ruta POST /lista no implementada","data":null}
{"timestamp":"29/03/2023 08:12:32","level":"warn","message":"Ruta GET /favicon.ico no implementada","data":null}
{"timestamp":"29/03/2023 08:14:18","level":"warn","message":"Ruta GET /favicon.ico no implementada","data":null}
{"timestamp":"29/03/2023 10:33:25","level":"warn","message":"Ruta GET /favicon.ico no implementada","data":null}
{"timestamp":"29/03/2023 11:00:31","level":"warn","message":"Ruta GET /api/productos no implementada","data":null}
{"timestamp":"29/03/2023 11:00:31","level":"warn","message":"Ruta GET /api/css/404.css no implementada","data":null}
{"timestamp":"29/03/2023 11:00:31","level":"warn","message":"Ruta GET /api/images/favicon.png no implementada","data":null}
{"timestamp":"29/03/2023 11:00:35","level":"warn","message":"Ruta GET /favicon.ico no implementada","data":null}
{"timestamp":"29/03/2023 11:00:40","level":"warn","message":"Ruta GET /favicon.ico no implementada","data":null}
{"timestamp":"29/03/2023 11:12:53","level":"warn","message":"Ruta GET /favicon.ico no implementada","data":null}
{"timestamp":"29/03/2023 11:13:00","level":"warn","message":"Ruta GET /listar no implementada","data":null}
{"timestamp":"29/03/2023 11:48:51","level":"warn","message":"Ruta POST /lista no implementada","data":null}
{"timestamp":"29/03/2023 11:48:51","level":"warn","message":"Ruta POST /lista no implementada","data":null}
{"timestamp":"29/03/2023 11:53:15","level":"warn","message":"Ruta POST /lista no implementada","data":null}
{"timestamp":"29/03/2023 11:53:15","level":"warn","message":"Ruta POST /lista no implementada","data":null}
{"timestamp":"29/03/2023 11:58:15","level":"warn","message":"Ruta POST /lista no implementada","data":null}
{"timestamp":"29/03/2023 11:58:15","level":"warn","message":"Ruta POST /lista no implementada","data":null}
{"timestamp":"29/03/2023 12:10:09","level":"error","message":{"Message":"Incorrect password"},"data":null}
{"timestamp":"29/03/2023 14:20:10","level":"error","message":{"Message":"No User Found"},"data":null}
{"timestamp":"30/03/2023 09:14:22","level":"error","message":{"Message":"Incorrect password"},"data":null}
{"timestamp":"30/03/2023 09:36:48","level":"warn","message":"Ruta GET /socket.io/socket.io.js no implementada","data":null}
{"timestamp":"30/03/2023 09:38:07","level":"warn","message":"Ruta GET /socket.io/?EIO=4&transport=polling&t=OSoXdoG no implementada","data":null}
{"timestamp":"30/03/2023 09:38:08","level":"warn","message":"Ruta GET /socket.io/?EIO=4&transport=polling&t=OSoXe04 no implementada","data":null}
{"timestamp":"30/03/2023 09:38:10","level":"warn","message":"Ruta GET /socket.io/?EIO=4&transport=polling&t=OSoXeeB no implementada","data":null}
{"timestamp":"30/03/2023 09:38:14","level":"warn","message":"Ruta GET /socket.io/?EIO=4&transport=polling&t=OSoXfc_ no implementada","data":null}
{"timestamp":"30/03/2023 09:38:20","level":"warn","message":"Ruta GET /socket.io/?EIO=4&transport=polling&t=OSoXguQ no implementada","data":null}
{"timestamp":"30/03/2023 09:38:25","level":"warn","message":"Ruta GET /socket.io/?EIO=4&transport=polling&t=OSoXi9j no implementada","data":null}
{"timestamp":"30/03/2023 09:38:30","level":"warn","message":"Ruta GET /socket.io/?EIO=4&transport=polling&t=OSoXjQo no implementada","data":null}
{"timestamp":"30/03/2023 09:38:35","level":"warn","message":"Ruta GET /socket.io/?EIO=4&transport=polling&t=OSoXki7 no implementada","data":null}
{"timestamp":"30/03/2023 09:38:40","level":"warn","message":"Ruta GET /socket.io/?EIO=4&transport=polling&t=OSoXlzM no implementada","data":null}
{"timestamp":"30/03/2023 09:38:46","level":"warn","message":"Ruta GET /socket.io/?EIO=4&transport=polling&t=OSoXnEw no implementada","data":null}
{"timestamp":"30/03/2023 09:38:51","level":"warn","message":"Ruta GET /socket.io/?EIO=4&transport=polling&t=OSoXoeq no implementada","data":null}
{"timestamp":"30/03/2023 09:38:59","level":"warn","message":"Ruta GET /socket.io/?EIO=4&transport=polling&t=OSoXq6c no implementada","data":null}
{"timestamp":"30/03/2023 09:39:02","level":"warn","message":"Ruta GET /socket.io/?EIO=4&transport=polling&t=OSoXrDZ no implementada","data":null}
{"timestamp":"30/03/2023 09:39:03","level":"warn","message":"Ruta GET /socket.io/?EIO=4&transport=polling&t=OSoXraf no implementada","data":null}
{"timestamp":"30/03/2023 09:39:06","level":"warn","message":"Ruta GET /socket.io/?EIO=4&transport=polling&t=OSoXs98 no implementada","data":null}
{"timestamp":"30/03/2023 09:39:10","level":"warn","message":"Ruta GET /socket.io/?EIO=4&transport=polling&t=OSoXtDq no implementada","data":null}
{"timestamp":"30/03/2023 09:39:15","level":"warn","message":"Ruta GET /socket.io/?EIO=4&transport=polling&t=OSoXuV0 no implementada","data":null}
{"timestamp":"30/03/2023 09:39:20","level":"warn","message":"Ruta GET /socket.io/?EIO=4&transport=polling&t=OSoXvlv no implementada","data":null}
{"timestamp":"30/03/2023 09:39:26","level":"warn","message":"Ruta GET /socket.io/?EIO=4&transport=polling&t=OSoXx0- no implementada","data":null}
{"timestamp":"30/03/2023 09:39:31","level":"warn","message":"Ruta GET /socket.io/?EIO=4&transport=polling&t=OSoXyIB no implementada","data":null}
{"timestamp":"30/03/2023 09:39:36","level":"warn","message":"Ruta GET /socket.io/?EIO=4&transport=polling&t=OSoXzZM no implementada","data":null}
{"timestamp":"30/03/2023 09:39:41","level":"warn","message":"Ruta GET /socket.io/?EIO=4&transport=polling&t=OSoX-qR no implementada","data":null}
{"timestamp":"30/03/2023 09:39:43","level":"warn","message":"Ruta GET /js/socket.io/socket.io.js no implementada","data":null}
{"timestamp":"30/03/2023 09:39:45","level":"warn","message":"Ruta GET /js/socket.io/socket.io.js no implementada","data":null}
{"timestamp":"30/03/2023 09:41:33","level":"warn","message":"Ruta GET /js/socket.io/socket.io.js no implementada","data":null}
{"timestamp":"30/03/2023 09:41:52","level":"warn","message":"Ruta GET /socket.io/socket.io.js no implementada","data":null}
{"timestamp":"30/03/2023 09:42:03","level":"warn","message":"Ruta GET /socket.io/socket.io.js no implementada","data":null}
{"timestamp":"30/03/2023 09:43:28","level":"warn","message":"Ruta GET /socket.io/socket.io.js no implementada","data":null}
{"timestamp":"30/03/2023 09:44:45","level":"warn","message":"Ruta GET /node_modules/socket.io/client-dist/socket.io.js no implementada","data":null}
{"timestamp":"30/03/2023 09:45:23","level":"warn","message":"Ruta GET /socket.io/?EIO=4&transport=polling&t=OSoZINE no implementada","data":null}
{"timestamp":"30/03/2023 09:45:25","level":"warn","message":"Ruta GET /socket.io/?EIO=4&transport=polling&t=OSoZIkZ no implementada","data":null}
{"timestamp":"30/03/2023 09:45:28","level":"warn","message":"Ruta GET /socket.io/?EIO=4&transport=polling&t=OSoZJP8 no implementada","data":null}
{"timestamp":"30/03/2023 09:45:30","level":"warn","message":"Ruta GET /socket.io/?EIO=4&transport=polling&t=OSoZK5g no implementada","data":null}
{"timestamp":"30/03/2023 09:45:36","level":"warn","message":"Ruta GET /socket.io/?EIO=4&transport=polling&t=OSoZLW_ no implementada","data":null}
{"timestamp":"30/03/2023 09:45:42","level":"warn","message":"Ruta GET /socket.io/?EIO=4&transport=polling&t=OSoZM-i no implementada","data":null}
{"timestamp":"30/03/2023 09:45:48","level":"warn","message":"Ruta GET /socket.io/?EIO=4&transport=polling&t=OSoZOSc no implementada","data":null}
{"timestamp":"30/03/2023 09:45:54","level":"warn","message":"Ruta GET /socket.io/?EIO=4&transport=polling&t=OSoZPwM no implementada","data":null}
{"timestamp":"30/03/2023 09:46:00","level":"warn","message":"Ruta GET /socket.io/?EIO=4&transport=polling&t=OSoZRO4 no implementada","data":null}
{"timestamp":"30/03/2023 09:46:06","level":"warn","message":"Ruta GET /socket.io/?EIO=4&transport=polling&t=OSoZSrr no implementada","data":null}
{"timestamp":"30/03/2023 09:46:12","level":"warn","message":"Ruta GET /socket.io/?EIO=4&transport=polling&t=OSoZUJa no implementada","data":null}
{"timestamp":"30/03/2023 09:46:18","level":"warn","message":"Ruta GET /socket.io/?EIO=4&transport=polling&t=OSoZVnC no implementada","data":null}
{"timestamp":"30/03/2023 09:46:24","level":"warn","message":"Ruta GET /socket.io/?EIO=4&transport=polling&t=OSoZXF1 no implementada","data":null}
{"timestamp":"30/03/2023 09:46:30","level":"warn","message":"Ruta GET /socket.io/?EIO=4&transport=polling&t=OSoZYil no implementada","data":null}
{"timestamp":"30/03/2023 09:46:36","level":"warn","message":"Ruta GET /socket.io/?EIO=4&transport=polling&t=OSoZaAc no implementada","data":null}
{"timestamp":"30/03/2023 09:46:42","level":"warn","message":"Ruta GET /socket.io/?EIO=4&transport=polling&t=OSoZbeC no implementada","data":null}
{"timestamp":"30/03/2023 09:46:48","level":"warn","message":"Ruta GET /socket.io/?EIO=4&transport=polling&t=OSoZd5w no implementada","data":null}
{"timestamp":"30/03/2023 09:46:54","level":"warn","message":"Ruta GET /socket.io/?EIO=4&transport=polling&t=OSoZeZq no implementada","data":null}
{"timestamp":"30/03/2023 09:47:00","level":"warn","message":"Ruta GET /socket.io/?EIO=4&transport=polling&t=OSoZg1e no implementada","data":null}
{"timestamp":"30/03/2023 09:47:06","level":"warn","message":"Ruta GET /socket.io/?EIO=4&transport=polling&t=OSoZhVF no implementada","data":null}
{"timestamp":"30/03/2023 09:47:12","level":"warn","message":"Ruta GET /socket.io/?EIO=4&transport=polling&t=OSoZiz5 no implementada","data":null}
{"timestamp":"30/03/2023 09:47:18","level":"warn","message":"Ruta GET /socket.io/?EIO=4&transport=polling&t=OSoZkQr no implementada","data":null}
{"timestamp":"30/03/2023 09:47:24","level":"warn","message":"Ruta GET /socket.io/?EIO=4&transport=polling&t=OSoZlub no implementada","data":null}
{"timestamp":"30/03/2023 09:47:30","level":"warn","message":"Ruta GET /socket.io/?EIO=4&transport=polling&t=OSoZnMG no implementada","data":null}
{"timestamp":"30/03/2023 09:47:36","level":"warn","message":"Ruta GET /socket.io/?EIO=4&transport=polling&t=OSoZoq3 no implementada","data":null}
{"timestamp":"30/03/2023 09:47:42","level":"warn","message":"Ruta GET /socket.io/?EIO=4&transport=polling&t=OSoZqHp no implementada","data":null}
{"timestamp":"30/03/2023 09:47:48","level":"warn","message":"Ruta GET /socket.io/?EIO=4&transport=polling&t=OSoZrlU no implementada","data":null}
{"timestamp":"30/03/2023 09:47:54","level":"warn","message":"Ruta GET /socket.io/?EIO=4&transport=polling&t=OSoZtDA no implementada","data":null}
{"timestamp":"30/03/2023 09:48:00","level":"warn","message":"Ruta GET /socket.io/?EIO=4&transport=polling&t=OSoZuh6 no implementada","data":null}
{"timestamp":"30/03/2023 09:48:06","level":"warn","message":"Ruta GET /socket.io/?EIO=4&transport=polling&t=OSoZw8q no implementada","data":null}
{"timestamp":"30/03/2023 09:48:12","level":"warn","message":"Ruta GET /socket.io/?EIO=4&transport=polling&t=OSoZxcV no implementada","data":null}
{"timestamp":"30/03/2023 09:48:18","level":"warn","message":"Ruta GET /socket.io/?EIO=4&transport=polling&t=OSoZz4H no implementada","data":null}
{"timestamp":"30/03/2023 09:48:24","level":"warn","message":"Ruta GET /socket.io/?EIO=4&transport=polling&t=OSoZ-Xy no implementada","data":null}
{"timestamp":"30/03/2023 09:48:30","level":"warn","message":"Ruta GET /socket.io/?EIO=4&transport=polling&t=OSoZ__l no implementada","data":null}
{"timestamp":"30/03/2023 09:48:36","level":"warn","message":"Ruta GET /socket.io/?EIO=4&transport=polling&t=OSoa1TP no implementada","data":null}
{"timestamp":"30/03/2023 09:48:42","level":"warn","message":"Ruta GET /socket.io/?EIO=4&transport=polling&t=OSoa2xN no implementada","data":null}
{"timestamp":"30/03/2023 09:48:48","level":"warn","message":"Ruta GET /socket.io/?EIO=4&transport=polling&t=OSoa4Ov no implementada","data":null}
{"timestamp":"30/03/2023 09:48:54","level":"warn","message":"Ruta GET /socket.io/?EIO=4&transport=polling&t=OSoa5sk no implementada","data":null}
{"timestamp":"30/03/2023 09:49:00","level":"warn","message":"Ruta GET /socket.io/?EIO=4&transport=polling&t=OSoa7Ka no implementada","data":null}
{"timestamp":"30/03/2023 09:49:06","level":"warn","message":"Ruta GET /socket.io/?EIO=4&transport=polling&t=OSoa8o9 no implementada","data":null}
{"timestamp":"30/03/2023 09:49:12","level":"warn","message":"Ruta GET /socket.io/?EIO=4&transport=polling&t=OSoaAG6 no implementada","data":null}
{"timestamp":"30/03/2023 09:49:19","level":"warn","message":"Ruta GET /socket.io/?EIO=4&transport=polling&t=OSoaBjq no implementada","data":null}
{"timestamp":"30/03/2023 09:49:24","level":"warn","message":"Ruta GET /socket.io/?EIO=4&transport=polling&t=OSoaDBS no implementada","data":null}
{"timestamp":"30/03/2023 09:49:30","level":"warn","message":"Ruta GET /socket.io/?EIO=4&transport=polling&t=OSoaEfI no implementada","data":null}
{"timestamp":"30/03/2023 09:49:36","level":"warn","message":"Ruta GET /socket.io/?EIO=4&transport=polling&t=OSoaG6x no implementada","data":null}
{"timestamp":"30/03/2023 09:49:42","level":"warn","message":"Ruta GET /socket.io/?EIO=4&transport=polling&t=OSoaHai no implementada","data":null}
{"timestamp":"30/03/2023 09:49:48","level":"warn","message":"Ruta GET /socket.io/?EIO=4&transport=polling&t=OSoaJ2V no implementada","data":null}
{"timestamp":"30/03/2023 09:49:54","level":"warn","message":"Ruta GET /socket.io/?EIO=4&transport=polling&t=OSoaKWC no implementada","data":null}
{"timestamp":"30/03/2023 09:50:00","level":"warn","message":"Ruta GET /socket.io/?EIO=4&transport=polling&t=OSoaL-8 no implementada","data":null}
{"timestamp":"30/03/2023 09:50:06","level":"warn","message":"Ruta GET /socket.io/?EIO=4&transport=polling&t=OSoaNRg no implementada","data":null}
{"timestamp":"30/03/2023 09:50:12","level":"warn","message":"Ruta GET /socket.io/?EIO=4&transport=polling&t=OSoaOvU no implementada","data":null}
{"timestamp":"30/03/2023 09:50:18","level":"warn","message":"Ruta GET /socket.io/?EIO=4&transport=polling&t=OSoaQNM no implementada","data":null}
{"timestamp":"30/03/2023 09:50:24","level":"warn","message":"Ruta GET /socket.io/?EIO=4&transport=polling&t=OSoaRr4 no implementada","data":null}
{"timestamp":"30/03/2023 09:50:30","level":"warn","message":"Ruta GET /socket.io/?EIO=4&transport=polling&t=OSoaTIo no implementada","data":null}
{"timestamp":"30/03/2023 09:50:36","level":"warn","message":"Ruta GET /socket.io/?EIO=4&transport=polling&t=OSoaUmR no implementada","data":null}
{"timestamp":"30/03/2023 09:50:42","level":"warn","message":"Ruta GET /socket.io/?EIO=4&transport=polling&t=OSoaWED no implementada","data":null}
{"timestamp":"30/03/2023 09:50:48","level":"warn","message":"Ruta GET /socket.io/?EIO=4&transport=polling&t=OSoaXhz no implementada","data":null}
{"timestamp":"30/03/2023 09:50:54","level":"warn","message":"Ruta GET /socket.io/?EIO=4&transport=polling&t=OSoaZ9t no implementada","data":null}
{"timestamp":"30/03/2023 09:51:00","level":"warn","message":"Ruta GET /socket.io/?EIO=4&transport=polling&t=OSoaadU no implementada","data":null}
{"timestamp":"30/03/2023 09:51:06","level":"warn","message":"Ruta GET /socket.io/?EIO=4&transport=polling&t=OSoac5E no implementada","data":null}
{"timestamp":"30/03/2023 09:51:12","level":"warn","message":"Ruta GET /socket.io/?EIO=4&transport=polling&t=OSoadZ2 no implementada","data":null}
{"timestamp":"30/03/2023 09:51:18","level":"warn","message":"Ruta GET /socket.io/?EIO=4&transport=polling&t=OSoaf0z no implementada","data":null}
{"timestamp":"30/03/2023 09:51:24","level":"warn","message":"Ruta GET /socket.io/?EIO=4&transport=polling&t=OSoagUY no implementada","data":null}
{"timestamp":"30/03/2023 09:51:30","level":"warn","message":"Ruta GET /socket.io/?EIO=4&transport=polling&t=OSoahyN no implementada","data":null}
{"timestamp":"30/03/2023 09:51:36","level":"warn","message":"Ruta GET /socket.io/?EIO=4&transport=polling&t=OSoajQ4 no implementada","data":null}
{"timestamp":"30/03/2023 09:51:42","level":"warn","message":"Ruta GET /socket.io/?EIO=4&transport=polling&t=OSoaktm no implementada","data":null}
{"timestamp":"30/03/2023 09:51:48","level":"warn","message":"Ruta GET /socket.io/?EIO=4&transport=polling&t=OSoamLe no implementada","data":null}
{"timestamp":"30/03/2023 09:51:54","level":"warn","message":"Ruta GET /socket.io/?EIO=4&transport=polling&t=OSoanpp no implementada","data":null}
{"timestamp":"30/03/2023 09:52:00","level":"warn","message":"Ruta GET /socket.io/?EIO=4&transport=polling&t=OSoapH1 no implementada","data":null}
{"timestamp":"30/03/2023 09:52:06","level":"warn","message":"Ruta GET /socket.io/?EIO=4&transport=polling&t=OSoaqkg no implementada","data":null}
{"timestamp":"30/03/2023 09:52:12","level":"warn","message":"Ruta GET /socket.io/?EIO=4&transport=polling&t=OSoasCP no implementada","data":null}
{"timestamp":"30/03/2023 09:52:18","level":"warn","message":"Ruta GET /socket.io/?EIO=4&transport=polling&t=OSoatgH no implementada","data":null}
{"timestamp":"30/03/2023 09:52:24","level":"warn","message":"Ruta GET /socket.io/?EIO=4&transport=polling&t=OSoav7_ no implementada","data":null}
{"timestamp":"30/03/2023 09:52:30","level":"warn","message":"Ruta GET /socket.io/?EIO=4&transport=polling&t=OSoawbl no implementada","data":null}
{"timestamp":"30/03/2023 09:52:36","level":"warn","message":"Ruta GET /socket.io/?EIO=4&transport=polling&t=OSoay3X no implementada","data":null}
{"timestamp":"30/03/2023 09:52:44","level":"warn","message":"Ruta GET /socket.io/?EIO=4&transport=polling&t=OSoazXN no implementada","data":null}
{"timestamp":"30/03/2023 09:52:49","level":"warn","message":"Ruta GET /socket.io/?EIO=4&transport=polling&t=OSoa_Ed no implementada","data":null}
{"timestamp":"30/03/2023 09:52:55","level":"warn","message":"Ruta GET /socket.io/?EIO=4&transport=polling&t=OSob0iP no implementada","data":null}
{"timestamp":"30/03/2023 09:53:01","level":"warn","message":"Ruta GET /socket.io/?EIO=4&transport=polling&t=OSob2A1 no implementada","data":null}
{"timestamp":"30/03/2023 09:53:07","level":"warn","message":"Ruta GET /socket.io/?EIO=4&transport=polling&t=OSob3dp no implementada","data":null}
{"timestamp":"30/03/2023 09:53:13","level":"warn","message":"Ruta GET /socket.io/?EIO=4&transport=polling&t=OSob55Z no implementada","data":null}
{"timestamp":"30/03/2023 09:53:19","level":"warn","message":"Ruta GET /socket.io/?EIO=4&transport=polling&t=OSob6ZP no implementada","data":null}
{"timestamp":"30/03/2023 09:53:25","level":"warn","message":"Ruta GET /socket.io/?EIO=4&transport=polling&t=OSob815 no implementada","data":null}
{"timestamp":"30/03/2023 09:53:31","level":"warn","message":"Ruta GET /socket.io/?EIO=4&transport=polling&t=OSob9Uq no implementada","data":null}
{"timestamp":"30/03/2023 09:53:37","level":"warn","message":"Ruta GET /socket.io/?EIO=4&transport=polling&t=OSobAyZ no implementada","data":null}
{"timestamp":"30/03/2023 09:53:43","level":"warn","message":"Ruta GET /socket.io/?EIO=4&transport=polling&t=OSobCQS no implementada","data":null}
{"timestamp":"30/03/2023 09:53:49","level":"warn","message":"Ruta GET /socket.io/?EIO=4&transport=polling&t=OSobDu1 no implementada","data":null}
{"timestamp":"30/03/2023 09:53:55","level":"warn","message":"Ruta GET /socket.io/?EIO=4&transport=polling&t=OSobFLv no implementada","data":null}
{"timestamp":"30/03/2023 11:19:21","level":"warn","message":"Ruta GET /uploads/63ee5581a388711a3def9e4a.png no implementada","data":null}
{"timestamp":"30/03/2023 11:20:48","level":"warn","message":"Ruta GET /uploads/63ee5581a388711a3def9e4a.png no implementada","data":null}
